Using pre-set license

 COMMAND LINE ARGUMENTS:
/Applications/Unity/Hub/Editor/2020.3.7f1/Unity.app/Contents/MacOS/Unity
-adb2
-batchMode
-noUpm
-name
AssetImportWorker0
-projectPath
/Users/mattsullentrup/Unity Projects/Data-Persistence-Project
-logFile
Logs/AssetImportWorker0.log
-srvPort
52480
Successfully changed project path to: /Users/mattsullentrup/Unity Projects/Data-Persistence-Project
/Users/mattsullentrup/Unity Projects/Data-Persistence-Project
Using Asset Import Pipeline V2.
Refreshing native plugins compatible for Editor in 74.45 ms, found 1 plugins.
Preloading 0 native plugins for Editor in 0.00 ms.
Initialize engine version: 2020.3.7f1 (dd97f2c94397)
[Subsystems] Discovering subsystems at path /Applications/Unity/Hub/Editor/2020.3.7f1/Unity.app/Contents/Resources/UnitySubsystems
[Subsystems] Discovering subsystems at path /Users/mattsullentrup/Unity Projects/Data-Persistence-Project/Assets
GfxDevice: creating device client; threaded=0
2021-12-20 14:18:46.611 Unity[3812:210769] Color LCD preferred device: Intel HD Graphics 4000 (low power)
2021-12-20 14:18:46.611 Unity[3812:210769] Metal devices available: 1
2021-12-20 14:18:46.611 Unity[3812:210769] 0: Intel HD Graphics 4000 (low power)
2021-12-20 14:18:46.612 Unity[3812:210769] Using device Intel HD Graphics 4000 (low power)
Initializing Metal device caps: Intel HD Graphics 4000
Shader 'Universal Render Pipeline/Particles/Lit': fallback shader 'Universal Render Pipeline/Particles/SimpleLit' not found
Initialize mono
Mono path[0] = '/Applications/Unity/Hub/Editor/2020.3.7f1/Unity.app/Contents/Managed'
Mono path[1] = '/Applications/Unity/Hub/Editor/2020.3.7f1/Unity.app/Contents/MonoBleedingEdge/lib/mono/unityjit'
Mono config path = '/Applications/Unity/Hub/Editor/2020.3.7f1/Unity.app/Contents/MonoBleedingEdge/etc'
Using monoOptions --debugger-agent=transport=dt_socket,embedding=1,server=y,suspend=n,address=127.0.0.1:56812
Begin MonoManager ReloadAssembly
Registering precompiled unity dll's ...
Register platform support module: /Applications/Unity/Hub/Editor/2020.3.7f1/PlaybackEngines/WebGLSupport/UnityEditor.WebGL.Extensions.dll
Register platform support module: /Applications/Unity/Hub/Editor/2020.3.7f1/Unity.app/Contents/PlaybackEngines/MacStandaloneSupport/UnityEditor.OSXStandalone.Extensions.dll
Registered in 0.003081 seconds.
Native extension for OSXStandalone target not found
Native extension for WebGL target not found
Refreshing native plugins compatible for Editor in 68.05 ms, found 1 plugins.
Preloading 0 native plugins for Editor in 0.00 ms.
Mono: successfully reloaded assembly
- Completed reload, in  6.293 seconds
Platform modules already initialized, skipping
Registering precompiled user dll's ...
Registered in 0.002975 seconds.
Begin MonoManager ReloadAssembly
Native extension for OSXStandalone target not found
Native extension for WebGL target not found
Refreshing native plugins compatible for Editor in 100.94 ms, found 1 plugins.
Preloading 0 native plugins for Editor in 0.00 ms.
Mono: successfully reloaded assembly
- Completed reload, in  2.091 seconds
Platform modules already initialized, skipping
========================================================================
Worker process is ready to serve import requests
Shader 'Universal Render Pipeline/Particles/Lit': fallback shader 'Universal Render Pipeline/Particles/SimpleLit' not found
Launching external process: /Applications/Unity/Hub/Editor/2020.3.7f1/Unity.app/Contents/Tools/UnityShaderCompiler
Launched and connected shader compiler UnityShaderCompiler after 0.02 seconds
Refreshing native plugins compatible for Editor in 0.59 ms, found 1 plugins.
Preloading 0 native plugins for Editor in 0.00 ms.
Unloading 2429 Unused Serialized files (Serialized files now loaded: 0)
System memory in use before: 180.6 MB.
System memory in use after: 180.8 MB.

Unloading 10 unused Assets to reduce memory usage. Loaded Objects now: 2870.
Total: 3.709530 ms (FindLiveObjects: 0.477261 ms CreateObjectMapping: 0.182542 ms MarkObjects: 2.929991 ms  DeleteObjects: 0.117502 ms)

========================================================================
Received Import Request.
  path: Assets/black background.jpg
  artifactKey: Guid(5e7a10ec0014f43a3a58a3f55892f2d5) Importer(815301076,1909f56bfc062723c751e8b465ee728b)
Start importing Assets/black background.jpg using Guid(5e7a10ec0014f43a3a58a3f55892f2d5) Importer(815301076,1909f56bfc062723c751e8b465ee728b)  -> (artifact id: 'a3bbab1e765a4535e5b3e900f2c1f910') in 1.145398 seconds
  Import took 1.162036 seconds .

========================================================================
Received Import Request.
  Time since last request: 116.370912 seconds.
  path: Assets/black background.jpg
  artifactKey: Guid(5e7a10ec0014f43a3a58a3f55892f2d5) Importer(815301076,1909f56bfc062723c751e8b465ee728b)
Start importing Assets/black background.jpg using Guid(5e7a10ec0014f43a3a58a3f55892f2d5) Importer(815301076,1909f56bfc062723c751e8b465ee728b)  -> (artifact id: '9d83788e70134d8247ebf3478d94955b') in 0.096667 seconds
  Import took 0.104030 seconds .

========================================================================
Received Prepare
Registering precompiled user dll's ...
Registered in 0.004351 seconds.
Begin MonoManager ReloadAssembly
Native extension for OSXStandalone target not found
Native extension for WebGL target not found
Refreshing native plugins compatible for Editor in 0.63 ms, found 1 plugins.
Preloading 0 native plugins for Editor in 0.00 ms.
Mono: successfully reloaded assembly
- Completed reload, in  2.247 seconds
Platform modules already initialized, skipping
Shader 'Universal Render Pipeline/Particles/Lit': fallback shader 'Universal Render Pipeline/Particles/SimpleLit' not found
Refreshing native plugins compatible for Editor in 0.58 ms, found 1 plugins.
Preloading 0 native plugins for Editor in 0.00 ms.
Unloading 2333 Unused Serialized files (Serialized files now loaded: 0)
System memory in use before: 183.5 MB.
System memory in use after: 183.0 MB.

Unloading 18 unused Assets to reduce memory usage. Loaded Objects now: 2879.
Total: 5.710780 ms (FindLiveObjects: 0.399539 ms CreateObjectMapping: 0.123591 ms MarkObjects: 4.650590 ms  DeleteObjects: 0.534776 ms)

========================================================================
Received Import Request.
  Time since last request: 995.482924 seconds.
  path: Assets/Scenes/Menu.unity
  artifactKey: Guid(fa2181c98c5e542dca4e7de43eb89d07) Importer(815301076,1909f56bfc062723c751e8b465ee728b)
Start importing Assets/Scenes/Menu.unity using Guid(fa2181c98c5e542dca4e7de43eb89d07) Importer(815301076,1909f56bfc062723c751e8b465ee728b)  -> (artifact id: '1d8ab41068b6f166029ea1c34604917a') in 0.020132 seconds
  Import took 0.027160 seconds .

========================================================================
Received Import Request.
  Time since last request: 107.819581 seconds.
  path: Assets/TextMesh Pro/Fonts/LiberationSans.ttf
  artifactKey: Guid(e3265ab4bf004d28a9537516768c1c75) Importer(815301076,1909f56bfc062723c751e8b465ee728b)
Start importing Assets/TextMesh Pro/Fonts/LiberationSans.ttf using Guid(e3265ab4bf004d28a9537516768c1c75) Importer(815301076,1909f56bfc062723c751e8b465ee728b)  -> (artifact id: '3a3422b593c28a2cf3ce6b43169f478d') in 1.039041 seconds
  Import took 1.045985 seconds .

========================================================================
Received Import Request.
  Time since last request: 251.516428 seconds.
  path: Assets
  artifactKey: Guid(00000000000000001000000000000000) Importer(815301076,1909f56bfc062723c751e8b465ee728b)
Start importing Assets using Guid(00000000000000001000000000000000) Importer(815301076,1909f56bfc062723c751e8b465ee728b)  -> (artifact id: '5f6a1853b736837ecfb0820a881449cb') in 0.003496 seconds
  Import took 0.016808 seconds .

========================================================================
Received Import Request.
  Time since last request: 192.462355 seconds.
  path: Assets/New Black Background.jpg
  artifactKey: Guid(62997b5cbfb004289b34880edc0b54e3) Importer(815301076,1909f56bfc062723c751e8b465ee728b)
Start importing Assets/New Black Background.jpg using Guid(62997b5cbfb004289b34880edc0b54e3) Importer(815301076,1909f56bfc062723c751e8b465ee728b)  -> (artifact id: '0435b882ded38993d616a9af285ede5d') in 0.013703 seconds
  Import took 0.023452 seconds .

========================================================================
Received Import Request.
  Time since last request: 18.460900 seconds.
  path: Assets/New Black Background.jpg
  artifactKey: Guid(62997b5cbfb004289b34880edc0b54e3) Importer(815301076,1909f56bfc062723c751e8b465ee728b)
Start importing Assets/New Black Background.jpg using Guid(62997b5cbfb004289b34880edc0b54e3) Importer(815301076,1909f56bfc062723c751e8b465ee728b)  -> (artifact id: '9bc36342022bc2d47f2d1ed904de9d2e') in 0.046069 seconds
  Import took 0.052457 seconds .

========================================================================
Received Import Request.
  Time since last request: 987.054511 seconds.
  path: Assets/Scripts
  artifactKey: Guid(02a3527b6b33a924e8ec66aa805ea717) Importer(815301076,1909f56bfc062723c751e8b465ee728b)
Start importing Assets/Scripts using Guid(02a3527b6b33a924e8ec66aa805ea717) Importer(815301076,1909f56bfc062723c751e8b465ee728b)  -> (artifact id: 'b344c0b82b8aa901179a7864745fc067') in 0.001893 seconds
  Import took 0.012331 seconds .

========================================================================
Received Import Request.
  Time since last request: 9.462104 seconds.
  path: Assets/Scripts/MainMenu.cs
  artifactKey: Guid(399b89d8aaa604cba9e08b11c90f17cf) Importer(815301076,1909f56bfc062723c751e8b465ee728b)
Start importing Assets/Scripts/MainMenu.cs using Guid(399b89d8aaa604cba9e08b11c90f17cf) Importer(815301076,1909f56bfc062723c751e8b465ee728b)  -> (artifact id: '4f29f610929f1fa640f2e455dc34d3f2') in 0.692575 seconds
  Import took 0.700054 seconds .

========================================================================
Received Prepare
Registering precompiled user dll's ...
Registered in 0.001137 seconds.
Begin MonoManager ReloadAssembly
Native extension for OSXStandalone target not found
Native extension for WebGL target not found
Refreshing native plugins compatible for Editor in 0.56 ms, found 1 plugins.
Preloading 0 native plugins for Editor in 0.00 ms.
Mono: successfully reloaded assembly
- Completed reload, in  2.016 seconds
Platform modules already initialized, skipping
Shader 'Universal Render Pipeline/Particles/Lit': fallback shader 'Universal Render Pipeline/Particles/SimpleLit' not found
Refreshing native plugins compatible for Editor in 0.54 ms, found 1 plugins.
Preloading 0 native plugins for Editor in 0.00 ms.
Unloading 2334 Unused Serialized files (Serialized files now loaded: 0)
System memory in use before: 197.8 MB.
System memory in use after: 197.4 MB.

Unloading 18 unused Assets to reduce memory usage. Loaded Objects now: 2964.
Total: 4.732594 ms (FindLiveObjects: 0.370105 ms CreateObjectMapping: 0.156905 ms MarkObjects: 3.637795 ms  DeleteObjects: 0.565906 ms)

========================================================================
Received Import Request.
  Time since last request: 234.308953 seconds.
  path: Assets/Scripts/MainMenu.cs
  artifactKey: Guid(399b89d8aaa604cba9e08b11c90f17cf) Importer(815301076,1909f56bfc062723c751e8b465ee728b)
Start importing Assets/Scripts/MainMenu.cs using Guid(399b89d8aaa604cba9e08b11c90f17cf) Importer(815301076,1909f56bfc062723c751e8b465ee728b)  -> (artifact id: 'eb08d15152322d6fc4a2e4b96d6f5cb2') in 0.015263 seconds
  Import took 0.027917 seconds .

